2025-05-19 19:42:00 - === Backup & Sync Started === (DRY_RUN=false)
2025-05-19 19:42:05 - Database dumped
2025-05-19 19:42:16 - Archive creation step done
2025-05-19 19:42:17 - Archive verified successfully
2025-05-19 19:42:17 - Backup failed during archive move
2025-05-19 19:44:45 - === Backup & Sync Started === (DRY_RUN=false)
2025-05-19 19:44:49 - Database dumped
2025-05-19 19:45:00 - Archive creation step done
2025-05-19 19:45:02 - Archive verified successfully
2025-05-19 19:45:02 - Backup failed during archive move
2025-05-19 19:46:01 - === Backup & Sync Started === (DRY_RUN=false)
2025-05-19 19:46:06 - Database dumped
2025-05-19 19:46:16 - Archive creation step done
2025-05-19 19:46:18 - Archive verified successfully
2025-05-19 19:46:18 - Archive move step done
2025-05-19 19:46:18 - Temp directory cleanup step done
2025-05-19 19:55:40 - Rsync step done
2025-05-19 19:55:40 - Post-rsync cleanup step done
2025-05-19 19:55:43 - All files in /home/sites/27a/8/826366cb9c/transfer deleted after successful sync
2025-05-19 19:55:43 - === Backup & Sync Completed Successfully ===
2025-05-19 19:55:43 - Final archive stored: /home/sites/27a/8/826366cb9c/transfer/2025_05_19_19_46_01.tar.gz
2025-05-19 19:55:43 - Archive size: 35M
2025-05-19 19:55:43 - Total runtime: 582s
2025-05-19 20:04:43 - === Backup & Sync Started === (DRY_RUN=false)
2025-05-19 20:04:48 - Database dumped
2025-05-19 20:04:59 - Archive creation step done
2025-05-19 20:05:00 - Archive verified successfully
2025-05-19 20:05:00 - Archive move step done
2025-05-19 20:05:00 - Temp directory cleanup step done
2025-05-19 20:05:14 - Rsync step done
2025-05-19 20:05:14 - Post-rsync cleanup step done
2025-05-19 20:05:14 - All files in /home/sites/27a/8/826366cb9c/transfer deleted after successful sync
2025-05-19 20:05:14 - === Backup & Sync Completed Successfully ===
2025-05-19 20:05:14 - Final archive stored: /home/sites/27a/8/826366cb9c/transfer/2025_05_19_20_04_43.tar.gz
2025-05-19 20:05:14 - Archive size: 35M
2025-05-19 20:05:14 - Total runtime: 31s
2025-05-19 20:08:19 - === Backup & Sync Started === (DRY_RUN=false)
2025-05-19 20:08:23 - Database dumped
2025-05-19 20:08:34 - Archive creation step done
2025-05-19 20:08:36 - Archive verified successfully
2025-05-19 20:08:36 - Archive move step done
2025-05-19 20:08:36 - Temp directory cleanup step done
2025-05-19 20:08:43 - Rsync step done
2025-05-19 20:08:43 - Post-rsync cleanup step done
2025-05-19 20:08:43 - All files in /home/sites/27a/8/826366cb9c/transfer deleted after successful sync
2025-05-19 20:08:43 - === Backup & Sync Completed Successfully ===
2025-05-19 20:08:43 - Final archive stored: /home/sites/27a/8/826366cb9c/transfer/2025_05_19_20_08_19.tar.gz
2025-05-19 20:08:43 - Archive size: 35M
2025-05-19 20:08:43 - Total runtime: 24s
2025-05-19 20:18:39 - === Backup & Sync Started === (DRY_RUN=false)
2025-05-19 20:18:43 - Database dumped
2025-05-19 20:18:54 - Archive creation step done
2025-05-19 20:18:56 - Archive verified successfully
2025-05-19 20:18:56 - Archive move step done
2025-05-19 20:18:56 - Temp directory cleanup step done
2025-05-19 20:19:01 - Rsync step done
2025-05-19 20:19:01 - Post-rsync cleanup step done
2025-05-19 20:19:01 - All files in /home/sites/27a/8/826366cb9c/transfer deleted after successful sync
2025-05-19 20:19:01 - === Backup & Sync Completed Successfully ===
2025-05-19 20:19:01 - Final archive stored: /home/sites/27a/8/826366cb9c/transfer/2025_05_19_20_18_39.tar.gz
2025-05-19 20:19:01 - Archive size: 35M
2025-05-19 20:19:01 - Total runtime: 22s
2025-05-19 20:27:19 - === Backup & Sync Started === (DRY_RUN=false)
2025-05-19 20:27:24 - Database dumped
2025-05-19 20:27:34 - Archive creation step done
2025-05-19 20:27:36 - Archive verified successfully
2025-05-19 20:27:36 - Archive move step done
2025-05-19 20:27:36 - Temp directory cleanup step done
2025-05-19 20:27:43 - Rsync step done
2025-05-19 20:27:43 - Post-rsync cleanup step done
2025-05-19 20:27:43 - All files in /home/sites/27a/8/826366cb9c/transfer deleted after successful sync
2025-05-19 20:27:43 - === Backup & Sync Completed Successfully ===
2025-05-19 20:27:43 - Final archive stored: /home/sites/27a/8/826366cb9c/transfer/2025_05_19_20_27_19.tar.gz
2025-05-19 20:27:43 - Archive size: 35M
2025-05-19 20:27:43 - Total runtime: 24s
2025-09-05 14:29:35 - === Backup & Sync Started === (DRY_RUN=false)
2025-09-05 15:19:35 - === Backup & Sync Started === (DRY_RUN=false)
2025-09-05 15:19:40 - Database gp2025.sql dumped
2025-09-05 15:19:40 - Database cricket.sql dumped
2025-09-05 15:19:51 - Archive creation step done
2025-09-05 15:19:52 - Archive verified successfully
2025-09-05 15:19:52 - Archive move step done
2025-09-05 15:19:52 - Temp directory cleanup step done
2025-09-05 15:19:53 - Rsync failed
2025-09-05 15:22:19 - === Backup & Sync Started === (DRY_RUN=false)
2025-09-05 15:22:24 - Database gp2025.sql dumped
2025-09-05 15:22:24 - Database cricket.sql dumped
2025-09-05 15:22:47 - === Backup & Sync Started === (DRY_RUN=false)
2025-09-05 15:22:51 - Database gp2025.sql dumped
2025-09-05 15:22:51 - Database cricket.sql dumped
2025-09-05 15:23:02 - Archive creation step done
2025-09-05 15:23:03 - Archive verified successfully
2025-09-05 15:23:03 - Archive move step done
2025-09-05 15:23:03 - Temp directory cleanup step done
2025-09-05 15:23:04 - Rsync failed
2025-09-05 15:43:24 - === Backup & Sync Started === (DRY_RUN=false)
2025-09-05 15:43:29 - Database gp2025.sql dumped
2025-09-05 15:43:30 - Database cricket.sql dumped
2025-09-05 15:43:41 - Archive creation step done
2025-09-05 15:43:43 - Archive verified successfully
2025-09-05 15:43:43 - Archive move step done
2025-09-05 15:43:43 - Temp directory cleanup step done
2025-09-05 15:44:38 - Post-rsync cleanup step done
2025-09-05 15:44:38 - All files in /home/sites/27a/8/826366cb9c/transfer deleted after successful sync
2025-09-05 15:44:38 - === Backup & Sync Completed Successfully ===
2025-09-05 15:44:38 - Final archive uploaded to remote transfer/: 2025-09-05_15-43-24.tar.gz
2025-09-05 15:44:38 - Archive size: 35M
2025-09-05 15:44:38 - Total runtime: 74s
